<?xml version="1.0" encoding="UTF-8"?>
<!-- Generated by org.testng.reporters.JUnitReportReporter -->
<testsuite hostname="E1070767" failures="0" tests="1" name="remedy.oneITSM_FW.tests.TestChangeManagement_SearchID" time="51.160" errors="0" timestamp="2023-01-26T16:57:18 EET" skipped="0">
  <testcase classname="remedy.oneITSM_FW.tests.TestChangeManagement_SearchID" name="Testchangemanagement_searchid" time="51.160"/>
  <system-out/>
</testsuite> <!-- remedy.oneITSM_FW.tests.TestChangeManagement_SearchID -->
