<?xml version="1.0" encoding="UTF-8"?>
<!-- Generated by org.testng.reporters.JUnitReportReporter -->
<testsuite skipped="0" hostname="E0720253" name="remedy.oneITSM_FW.tests.TestTicketCreation" tests="1" failures="0" timestamp="2022-12-07T22:17:23 EET" time="87.725" errors="0">
  <testcase name="testCreateTicket" time="87.725" classname="remedy.oneITSM_FW.tests.TestTicketCreation"/>
  <system-out/>
</testsuite> <!-- remedy.oneITSM_FW.tests.TestTicketCreation -->
