<?xml version="1.0" encoding="UTF-8"?>
<!-- Generated by org.testng.reporters.JUnitReportReporter -->
<testsuite hostname="E1070767" failures="0" tests="1" name="remedy.oneITSM_FW.tests.TestReleaseManagement_UpdateID" time="58.681" errors="0" timestamp="2023-01-26T17:18:05 EET" skipped="0">
  <testcase classname="remedy.oneITSM_FW.tests.TestReleaseManagement_UpdateID" name="TestReleasemanagement_Updateid" time="58.681"/>
  <system-out/>
</testsuite> <!-- remedy.oneITSM_FW.tests.TestReleaseManagement_UpdateID -->
