<?xml version="1.0" encoding="UTF-8"?>
<!-- Generated by org.testng.reporters.JUnitReportReporter -->
<testsuite hostname="E1070767" failures="0" tests="1" name="remedy.oneITSM_FW.tests.TestReleaseManagement_NewID" time="52.442" errors="0" timestamp="2023-01-26T17:14:49 EET" skipped="0">
  <testcase classname="remedy.oneITSM_FW.tests.TestReleaseManagement_NewID" name="Testreleasemanagement_NewID" time="52.442"/>
  <system-out/>
</testsuite> <!-- remedy.oneITSM_FW.tests.TestReleaseManagement_NewID -->
