<?xml version="1.0" encoding="UTF-8"?>
<!-- Generated by org.testng.reporters.JUnitReportReporter -->
<testsuite hostname="E1070767" failures="0" tests="1" name="remedy.oneITSM_FW.tests.TestTicketCancellation" time="272.808" errors="0" timestamp="2023-01-12T16:44:36 EET" skipped="0">
  <testcase classname="remedy.oneITSM_FW.tests.TestTicketCancellation" name="testCancelTicket" time="272.808"/>
  <system-out/>
</testsuite> <!-- remedy.oneITSM_FW.tests.TestTicketCancellation -->
