<?xml version="1.0" encoding="UTF-8"?>
<!-- Generated by org.testng.reporters.JUnitReportReporter -->
<testsuite hostname="E1070767" failures="0" tests="1" name="remedy.oneITSM_FW.tests.TestReleaseManagement_SearchID" time="47.090" errors="0" timestamp="2023-01-26T17:16:15 EET" skipped="0">
  <testcase classname="remedy.oneITSM_FW.tests.TestReleaseManagement_SearchID" name="TestReleasemanagement_searchid" time="47.090"/>
  <system-out/>
</testsuite> <!-- remedy.oneITSM_FW.tests.TestReleaseManagement_SearchID -->
